<?xml version="1.0" encoding="UTF-8"?>
<!-- Generated by org.testng.reporters.JUnitReportReporter -->
<testsuite skipped="0" hostname="DESKTOP-HJ18R61" name="test.organizations.CreateOrganizationWithIndustryTest" tests="1" failures="0" timestamp="2023-02-26T23:01:18 IST" time="79.846" errors="0">
  <testcase name="createOrganizationWithIndustryTest" time="79.846" classname="test.organizations.CreateOrganizationWithIndustryTest"/>
  <system-out/>
</testsuite> <!-- test.organizations.CreateOrganizationWithIndustryTest -->
