<?xml version="1.0" encoding="UTF-8"?>
<!-- Generated by org.testng.reporters.JUnitReportReporter -->
<testsuite skipped="0" hostname="DESKTOP-HJ18R61" name="test.organizations.CreateOrganizationTest" tests="1" failures="0" timestamp="2023-02-26T22:55:09 IST" time="142.416" errors="0">
  <testcase name="createOrganizationsTest" time="142.416" classname="test.organizations.CreateOrganizationTest"/>
  <system-out/>
</testsuite> <!-- test.organizations.CreateOrganizationTest -->
